<?xml version="1.0" encoding="UTF-8"?>
<!-- Generated by org.testng.reporters.JUnitXMLReporter -->
<testsuite hostname="Pkt-D15" ignored="1" name="Default test" tests="4" failures="0" timestamp="28 Sep 2017 05:34:45 GMT" time="2.49" errors="0">
  <testcase name="test1" time="0.357" classname="MavenProject.fgh.asd"/>
  <testcase name="test2" time="0.61" classname="MavenProject.fgh.asd"/>
  <testcase name="test3" time="0.003" classname="MavenProject.fgh.asd"/>
  <testcase name="test4" time="0.001" classname="MavenProject.fgh.asd"/>
  <testcase name="@AfterTest endReport" time="0.0" classname="MavenProject.fgh.ExtentReportsClass">
    <ignored/>
  </testcase> <!-- @AfterTest endReport -->
</testsuite> <!-- Default test -->
