<?xml version="1.0" encoding="UTF-8"?>
<testng-results skipped="0" failed="0" ignored="0" total="4" passed="4">
  <reporter-output>
  </reporter-output>
  <suite name="Main Test Suite" duration-ms="4215" started-at="2017-09-28T10:24:43Z" finished-at="2017-09-28T10:24:47Z">
    <groups>
    </groups>
    <test name="TestNG Test Group" duration-ms="4215" started-at="2017-09-28T10:24:43Z" finished-at="2017-09-28T10:24:47Z">
      <class name="MavenProject.fgh.asd">
        <test-method status="PASS" signature="startReport()[pri:0, instance:MavenProject.fgh.asd@36d64342]" name="startReport" is-config="true" duration-ms="271" started-at="2017-09-28T15:54:43Z" finished-at="2017-09-28T15:54:44Z">
          <reporter-output>
          </reporter-output>
        </test-method> <!-- startReport -->
        <test-method status="PASS" signature="beforeClass()[pri:0, instance:MavenProject.fgh.asd@36d64342]" name="beforeClass" is-config="true" duration-ms="2083" started-at="2017-09-28T15:54:44Z" finished-at="2017-09-28T15:54:46Z">
          <reporter-output>
          </reporter-output>
        </test-method> <!-- beforeClass -->
        <test-method status="PASS" signature="test1()[pri:0, instance:MavenProject.fgh.asd@36d64342]" name="test1" duration-ms="384" started-at="2017-09-28T15:54:46Z" finished-at="2017-09-28T15:54:46Z">
          <reporter-output>
          </reporter-output>
        </test-method> <!-- test1 -->
        <test-method status="PASS" signature="getResult(org.testng.ITestResult)[pri:0, instance:MavenProject.fgh.asd@36d64342]" name="getResult" is-config="true" duration-ms="16" started-at="2017-09-28T15:54:46Z" finished-at="2017-09-28T15:54:46Z">
          <params>
            <param index="0">
              <value>
                <![CDATA[[TestResult name=test1 status=SUCCESS method=asd.test1()[pri:0, instance:MavenProject.fgh.asd@36d64342] output={null}]]]>
              </value>
            </param>
          </params>
          <reporter-output>
          </reporter-output>
        </test-method> <!-- getResult -->
        <test-method status="PASS" signature="test2()[pri:0, instance:MavenProject.fgh.asd@36d64342]" name="test2" duration-ms="1068" started-at="2017-09-28T15:54:46Z" finished-at="2017-09-28T15:54:47Z">
          <reporter-output>
          </reporter-output>
        </test-method> <!-- test2 -->
        <test-method status="PASS" signature="getResult(org.testng.ITestResult)[pri:0, instance:MavenProject.fgh.asd@36d64342]" name="getResult" is-config="true" duration-ms="0" started-at="2017-09-28T15:54:47Z" finished-at="2017-09-28T15:54:47Z">
          <params>
            <param index="0">
              <value>
                <![CDATA[[TestResult name=test2 status=SUCCESS method=asd.test2()[pri:0, instance:MavenProject.fgh.asd@36d64342] output={null}]]]>
              </value>
            </param>
          </params>
          <reporter-output>
          </reporter-output>
        </test-method> <!-- getResult -->
        <test-method status="PASS" signature="test3()[pri:0, instance:MavenProject.fgh.asd@36d64342]" name="test3" duration-ms="1" started-at="2017-09-28T15:54:47Z" finished-at="2017-09-28T15:54:47Z">
          <reporter-output>
          </reporter-output>
        </test-method> <!-- test3 -->
        <test-method status="PASS" signature="getResult(org.testng.ITestResult)[pri:0, instance:MavenProject.fgh.asd@36d64342]" name="getResult" is-config="true" duration-ms="1" started-at="2017-09-28T15:54:47Z" finished-at="2017-09-28T15:54:47Z">
          <params>
            <param index="0">
              <value>
                <![CDATA[[TestResult name=test3 status=SUCCESS method=asd.test3()[pri:0, instance:MavenProject.fgh.asd@36d64342] output={null}]]]>
              </value>
            </param>
          </params>
          <reporter-output>
          </reporter-output>
        </test-method> <!-- getResult -->
        <test-method status="PASS" signature="test4()[pri:0, instance:MavenProject.fgh.asd@36d64342]" name="test4" duration-ms="0" started-at="2017-09-28T15:54:47Z" finished-at="2017-09-28T15:54:47Z">
          <reporter-output>
          </reporter-output>
        </test-method> <!-- test4 -->
        <test-method status="PASS" signature="endReport()[pri:0, instance:MavenProject.fgh.asd@36d64342]" name="endReport" is-config="true" duration-ms="378" started-at="2017-09-28T15:54:47Z" finished-at="2017-09-28T15:54:47Z">
          <reporter-output>
          </reporter-output>
        </test-method> <!-- endReport -->
        <test-method status="PASS" signature="getResult(org.testng.ITestResult)[pri:0, instance:MavenProject.fgh.asd@36d64342]" name="getResult" is-config="true" duration-ms="0" started-at="2017-09-28T15:54:47Z" finished-at="2017-09-28T15:54:47Z">
          <params>
            <param index="0">
              <value>
                <![CDATA[[TestResult name=test4 status=SUCCESS method=asd.test4()[pri:0, instance:MavenProject.fgh.asd@36d64342] output={null}]]]>
              </value>
            </param>
          </params>
          <reporter-output>
          </reporter-output>
        </test-method> <!-- getResult -->
      </class> <!-- MavenProject.fgh.asd -->
    </test> <!-- TestNG Test Group -->
  </suite> <!-- Main Test Suite -->
</testng-results>
