<?xml version="1.0" encoding="UTF-8"?>
<!-- Generated by org.testng.reporters.JUnitXMLReporter -->
<testsuite hostname="Pkt-D15" ignored="0" name="TestNG Test Group" tests="4" failures="0" timestamp="03 Oct 2017 11:15:34 GMT" time="2.726" errors="0">
  <testcase name="test1" time="0.361" classname="MavenProject.fgh.asd"/>
  <testcase name="test2" time="0.665" classname="MavenProject.fgh.asd"/>
  <testcase name="test3" time="0.0" classname="MavenProject.fgh.asd"/>
  <testcase name="test4" time="0.0" classname="MavenProject.fgh.asd"/>
</testsuite> <!-- TestNG Test Group -->
