<?xml version="1.0" encoding="UTF-8"?>
<!-- Generated by org.testng.reporters.JUnitXMLReporter -->
<testsuite hostname="Pkt-D15" ignored="0" name="TestNG Test Group" tests="4" failures="0" timestamp="28 Sep 2017 08:58:39 GMT" time="2.557" errors="0">
  <testcase name="test1" time="0.375" classname="MavenProject.fgh.asd"/>
  <testcase name="test2" time="0.68" classname="MavenProject.fgh.asd"/>
  <testcase name="test3" time="0.0" classname="MavenProject.fgh.asd"/>
  <testcase name="test4" time="0.0" classname="MavenProject.fgh.asd"/>
</testsuite> <!-- TestNG Test Group -->
