<?xml version="1.0" encoding="UTF-8"?>
<!-- Generated by org.testng.reporters.JUnitXMLReporter -->
<testsuite hostname="Pkt-D15" ignored="0" name="TestNG Test Group" tests="4" failures="0" timestamp="28 Sep 2017 10:24:48 GMT" time="4.215" errors="0">
  <testcase name="test1" time="0.384" classname="MavenProject.fgh.asd"/>
  <testcase name="test2" time="1.068" classname="MavenProject.fgh.asd"/>
  <testcase name="test3" time="0.001" classname="MavenProject.fgh.asd"/>
  <testcase name="test4" time="0.0" classname="MavenProject.fgh.asd"/>
</testsuite> <!-- TestNG Test Group -->
